创建了0进程
为0进程分配了0页面
为0进程分配了1页面
进程0创建完毕
创建了1进程
为1进程分配了2页面
页面0：已分配
页面1：已分配
页面2：已分配

进程0的页表:0 1 
进程1的页表:2 

已分配的页面顺序：0 1 2 
创建了2进程
 页面已满，根据LRU算法进行置换
处于 0号位置的0页表，将会被置换到磁盘中
调入一个新的页表3
为2进程分配了3页面
 页面已满，根据LRU算法进行置换
处于 1号位置的1页表，将会被置换到磁盘中
调入一个新的页表4
为2进程分配了4页面
 页面已满，根据LRU算法进行置换
处于 2号位置的2页表，将会被置换到磁盘中
调入一个新的页表5
为2进程分配了5页面
进程2创建完毕
页面0：已分配
页面1：已分配
页面2：已分配

进程0的页表:0 1 
进程1的页表:2 
进程2的页表:3 4 5 

已分配的页面顺序：3 4 5 
杀死0进程
页面0：已分配
页面1：已分配
页面2：已分配

进程1的页表:2 
进程2的页表:3 4 5 

已分配的页面顺序：3 4 5 
创建了3进程
 页面已满，根据LRU算法进行置换
处于 0号位置的3页表，将会被置换到磁盘中
调入一个新的页表6
为3进程分配了6页面
 页面已满，根据LRU算法进行置换
处于 1号位置的4页表，将会被置换到磁盘中
调入一个新的页表7
为3进程分配了7页面
 页面已满，根据LRU算法进行置换
处于 2号位置的5页表，将会被置换到磁盘中
调入一个新的页表8
为3进程分配了8页面
进程3创建完毕
页面0：已分配
页面1：已分配
页面2：已分配

进程1的页表:2 
进程2的页表:3 4 5 
进程3的页表:6 7 8 

已分配的页面顺序：6 7 8 
创建了4进程
 页面已满，根据LRU算法进行置换
处于 0号位置的6页表，将会被置换到磁盘中
调入一个新的页表9
为4进程分配了9页面
 页面已满，根据LRU算法进行置换
处于 1号位置的7页表，将会被置换到磁盘中
调入一个新的页表10
为4进程分配了10页面
 页面已满，根据LRU算法进行置换
处于 2号位置的8页表，将会被置换到磁盘中
调入一个新的页表11
为4进程分配了11页面
进程4创建完毕
页面0：已分配
页面1：已分配
页面2：已分配

进程1的页表:2 
进程2的页表:3 4 5 
进程3的页表:6 7 8 
进程4的页表:9 10 11 

已分配的页面顺序：9 10 11 
杀死3进程
页面0：已分配
页面1：已分配
页面2：已分配

进程1的页表:2 
进程2的页表:3 4 5 
进程4的页表:9 10 11 

已分配的页面顺序：9 10 11 
处于 0号位置的9页表，将会被置换到磁盘中
将磁盘中的4号页表转移进内存中来
页面0：已分配
页面1：已分配
页面2：已分配

进程1的页表:2 
进程2的页表:3 4 5 
进程4的页表:9 10 11 

已分配的页面顺序：10 11 4 
